C51 COMPILER V9.00   GPIO                                                                  03/04/2019 07:50:39 PAGE 1   


C51 COMPILER V9.00, COMPILATION OF MODULE GPIO
OBJECT MODULE PLACED IN gpio.OBJ
COMPILER INVOKED BY: C:\Keil\C51\BIN\C51.EXE gpio.c BROWSE DEBUG OBJECTEXTEND

line level    source

   1          #include "stc15.h"
   2          //-----------------------------------------------
   3          
   4          #define FOSC 35000000L
   5          
   6          #define T1MS (65536-FOSC/1000)      //1T模式
   7          //#define T1MS (65536-FOSC/12/1000) //12T模式
   8          
   9          
  10          sbit out=P3^4;
  11          bit beep=0;
  12          sbit out_r=P3^5;
  13          sbit in=P3^3;
  14          sbit f_out=P3^2;
  15          #define count_total 64
  16          
  17          void delay(unsigned long n)
  18          {
  19   1      while(n--);
  20   1      }
  21          //-----------------------------------------------
  22          
  23          /* Timer0 interrupt routine */
  24          void tm0_isr() interrupt 1
  25          {
  26   1          if(beep) out_r = ! out_r;                    //将测试口取反
  27   1              else out_r=0;
  28   1      }
  29          
  30          //-----------------------------------------------
  31          
  32          
  33          
  34          unsigned char count_0=0,count_1=0,temp=0;
  35          void main()
  36          {
  37   1              P3M1=0x00;
  38   1              P3M0=0x00;
  39   1              in=1;
  40   1         
  41   1          AUXR |= 0x80;                   //定时器0为1T模式
  42   1      //  AUXR &= 0x7f;                   //定时器0为12T模式
  43   1      
  44   1          TMOD = 0x00;                    //设置定时器为模式0(16位自动重装载)
  45   1          TL0 = T1MS;                     //初始化计时值
  46   1          TH0 = T1MS >> 8;
  47   1          TR0 = 1;                        //定时器0开始计时
  48   1          ET0 = 1;                        //使能定时器0中断
  49   1          EA = 1;
  50   1      
  51   1      
  52   1      while(1)
  53   1      {
  54   2              f_out=1;
  55   2              in=1;
C51 COMPILER V9.00   GPIO                                                                  03/04/2019 07:50:39 PAGE 2   

  56   2              delay(1000);
  57   2              f_out=0;
  58   2              delay(100);
  59   2              if(in) count_1++;
  60   2              else count_0++;
  61   2      
  62   2              if(temp==count_total)
  63   2              {
  64   3              if(count_0>=count_1) out=0,beep=0;
  65   3              else out=1,beep=1;
  66   3              count_0=count_1=temp=0;
  67   3              }
  68   2              else temp++;
  69   2      }
  70   1      }


MODULE INFORMATION:   STATIC OVERLAYABLE
   CODE SIZE        =    127    ----
   CONSTANT SIZE    =   ----    ----
   XDATA SIZE       =   ----    ----
   PDATA SIZE       =   ----    ----
   DATA SIZE        =      3       4
   IDATA SIZE       =   ----    ----
   BIT SIZE         =      1    ----
END OF MODULE INFORMATION.


C51 COMPILATION COMPLETE.  0 WARNING(S),  0 ERROR(S)
